<?xml version="1.0" encoding="UTF-8"?>
<!-- Generated by org.testng.reporters.JUnitReportReporter -->
<testsuite hostname="Acer-Master" failures="0" tests="2" name="day042_TestNG.AA_First_TC" time="0.026" errors="0" timestamp="2025-06-13T18:34:04 IST" skipped="0">
  <testcase classname="day042_TestNG.AA_First_TC" name="login" time="0.021"/>
  <testcase classname="day042_TestNG.AA_First_TC" name="logout" time="0.005"/>
</testsuite> <!-- day042_TestNG.AA_First_TC -->
