<?xml version="1.0" encoding="UTF-8"?>
<!-- Generated by org.testng.reporters.JUnitReportReporter -->
<testsuite hostname="Acer-Master" failures="0" tests="4" name="day042_TestNG.AB_OrangeHRM" time="16.303" errors="0" timestamp="2025-06-13T19:10:38 IST" skipped="0">
  <testcase classname="day042_TestNG.AB_OrangeHRM" name="openApp" time="11.421"/>
  <testcase classname="day042_TestNG.AB_OrangeHRM" name="testLogo" time="1.079"/>
  <testcase classname="day042_TestNG.AB_OrangeHRM" name="login" time="1.986"/>
  <testcase classname="day042_TestNG.AB_OrangeHRM" name="closeApp" time="1.817"/>
</testsuite> <!-- day042_TestNG.AB_OrangeHRM -->
