<?xml version="1.0" encoding="UTF-8"?>
<!-- Generated by org.testng.reporters.JUnitReportReporter -->
<testsuite hostname="Acer-Master" failures="0" tests="3" name="day042_TestNG.AA_BareBasics" time="0.009" errors="0" timestamp="2025-06-13T19:10:38 IST" skipped="0">
  <testcase classname="day042_TestNG.AA_BareBasics" name="openApp" time="0.003"/>
  <testcase classname="day042_TestNG.AA_BareBasics" name="login" time="0.003"/>
  <testcase classname="day042_TestNG.AA_BareBasics" name="logout" time="0.003"/>
</testsuite> <!-- day042_TestNG.AA_BareBasics -->
